ARM GAS  C:\Users\badun\AppData\Local\Temp\ccs8w97r.s 			page 1


   1              		.syntax unified
   2              		.cpu cortex-m3
   3              		.fpu softvfp
   4              		.eabi_attribute 20, 1
   5              		.eabi_attribute 21, 1
   6              		.eabi_attribute 23, 3
   7              		.eabi_attribute 24, 1
   8              		.eabi_attribute 25, 1
   9              		.eabi_attribute 26, 1
  10              		.eabi_attribute 30, 1
  11              		.eabi_attribute 34, 1
  12              		.eabi_attribute 18, 4
  13              		.thumb
  14              		.syntax unified
  15              		.file	"cymetadata.c"
  16              		.text
  17              	.Ltext0:
  18              		.cfi_sections	.debug_frame
  19              		.global	cy_metadata
  20              		.global	cy_meta_flashprotect
  21              		.global	cy_meta_wonvl
  22              		.global	cy_meta_custnvl
  23              		.global	cy_meta_configecc
  24              		.section	.cyconfigecc,"a",%progbits
  25              		.align	2
  26              		.type	cy_meta_configecc, %object
  27              		.size	cy_meta_configecc, 1660
  28              	cy_meta_configecc:
  29 0000 01       		.byte	1
  30 0001 4F       		.byte	79
  31 0002 00       		.byte	0
  32 0003 40       		.byte	64
  33 0004 09       		.byte	9
  34 0005 52       		.byte	82
  35 0006 00       		.byte	0
  36 0007 40       		.byte	64
  37 0008 02       		.byte	2
  38 0009 64       		.byte	100
  39 000a 00       		.byte	0
  40 000b 40       		.byte	64
  41 000c 04       		.byte	4
  42 000d 65       		.byte	101
  43 000e 00       		.byte	0
  44 000f 40       		.byte	64
  45 0010 02       		.byte	2
  46 0011 01       		.byte	1
  47 0012 01       		.byte	1
  48 0013 40       		.byte	64
  49 0014 03       		.byte	3
  50 0015 03       		.byte	3
  51 0016 01       		.byte	1
  52 0017 40       		.byte	64
  53 0018 07       		.byte	7
  54 0019 05       		.byte	5
  55 001a 01       		.byte	1
  56 001b 40       		.byte	64
  57 001c 50       		.byte	80
ARM GAS  C:\Users\badun\AppData\Local\Temp\ccs8w97r.s 			page 2


  58 001d 06       		.byte	6
  59 001e 01       		.byte	1
  60 001f 40       		.byte	64
  61 0020 43       		.byte	67
  62 0021 07       		.byte	7
  63 0022 01       		.byte	1
  64 0023 40       		.byte	64
  65 0024 0E       		.byte	14
  66 0025 09       		.byte	9
  67 0026 01       		.byte	1
  68 0027 40       		.byte	64
  69 0028 15       		.byte	21
  70 0029 0B       		.byte	11
  71 002a 01       		.byte	1
  72 002b 40       		.byte	64
  73 002c 2F       		.byte	47
  74 002d 0C       		.byte	12
  75 002e 01       		.byte	1
  76 002f 40       		.byte	64
  77 0030 2E       		.byte	46
  78 0031 0D       		.byte	13
  79 0032 01       		.byte	1
  80 0033 40       		.byte	64
  81 0034 03       		.byte	3
  82 0035 0F       		.byte	15
  83 0036 01       		.byte	1
  84 0037 40       		.byte	64
  85 0038 09       		.byte	9
  86 0039 14       		.byte	20
  87 003a 01       		.byte	1
  88 003b 40       		.byte	64
  89 003c 48       		.byte	72
  90 003d 15       		.byte	21
  91 003e 01       		.byte	1
  92 003f 40       		.byte	64
  93 0040 41       		.byte	65
  94 0041 16       		.byte	22
  95 0042 01       		.byte	1
  96 0043 40       		.byte	64
  97 0044 46       		.byte	70
  98 0045 17       		.byte	23
  99 0046 01       		.byte	1
 100 0047 40       		.byte	64
 101 0048 04       		.byte	4
 102 0049 19       		.byte	25
 103 004a 01       		.byte	1
 104 004b 40       		.byte	64
 105 004c 01       		.byte	1
 106 004d 1B       		.byte	27
 107 004e 01       		.byte	1
 108 004f 40       		.byte	64
 109 0050 0B       		.byte	11
 110 0051 40       		.byte	64
 111 0052 01       		.byte	1
 112 0053 40       		.byte	64
 113 0054 0A       		.byte	10
 114 0055 41       		.byte	65
ARM GAS  C:\Users\badun\AppData\Local\Temp\ccs8w97r.s 			page 3


 115 0056 01       		.byte	1
 116 0057 40       		.byte	64
 117 0058 0F       		.byte	15
 118 0059 42       		.byte	66
 119 005a 01       		.byte	1
 120 005b 40       		.byte	64
 121 005c 10       		.byte	16
 122 005d 43       		.byte	67
 123 005e 01       		.byte	1
 124 005f 40       		.byte	64
 125 0060 14       		.byte	20
 126 0061 45       		.byte	69
 127 0062 01       		.byte	1
 128 0063 40       		.byte	64
 129 0064 08       		.byte	8
 130 0065 46       		.byte	70
 131 0066 01       		.byte	1
 132 0067 40       		.byte	64
 133 0068 0A       		.byte	10
 134 0069 47       		.byte	71
 135 006a 01       		.byte	1
 136 006b 40       		.byte	64
 137 006c 0E       		.byte	14
 138 006d 48       		.byte	72
 139 006e 01       		.byte	1
 140 006f 40       		.byte	64
 141 0070 0E       		.byte	14
 142 0071 49       		.byte	73
 143 0072 01       		.byte	1
 144 0073 40       		.byte	64
 145 0074 09       		.byte	9
 146 0075 4C       		.byte	76
 147 0076 01       		.byte	1
 148 0077 40       		.byte	64
 149 0078 08       		.byte	8
 150 0079 4D       		.byte	77
 151 007a 01       		.byte	1
 152 007b 40       		.byte	64
 153 007c 05       		.byte	5
 154 007d 50       		.byte	80
 155 007e 01       		.byte	1
 156 007f 40       		.byte	64
 157 0080 03       		.byte	3
 158 0081 51       		.byte	81
 159 0082 01       		.byte	1
 160 0083 40       		.byte	64
 161 0084 0A       		.byte	10
 162 0085 B4       		.byte	-76
 163 0086 00       		.byte	0
 164 0087 2A       		.byte	42
 165 0088 01       		.byte	1
 166 0089 06       		.byte	6
 167 008a 10       		.byte	16
 168 008b 3A       		.byte	58
 169 008c 11       		.byte	17
 170 008d 93       		.byte	-109
 171 008e 19       		.byte	25
ARM GAS  C:\Users\badun\AppData\Local\Temp\ccs8w97r.s 			page 4


 172 008f 01       		.byte	1
 173 0090 61       		.byte	97
 174 0091 80       		.byte	-128
 175 0092 64       		.byte	100
 176 0093 40       		.byte	64
 177 0094 78       		.byte	120
 178 0095 20       		.byte	32
 179 0096 79       		.byte	121
 180 0097 20       		.byte	32
 181 0098 7D       		.byte	125
 182 0099 FF       		.byte	-1
 183 009a 87       		.byte	-121
 184 009b 0F       		.byte	15
 185 009c 76       		.byte	118
 186 009d 0F       		.byte	15
 187 009e 85       		.byte	-123
 188 009f 72       		.byte	114
 189 00a0 86       		.byte	-122
 190 00a1 38       		.byte	56
 191 00a2 87       		.byte	-121
 192 00a3 7F       		.byte	127
 193 00a4 E2       		.byte	-30
 194 00a5 80       		.byte	-128
 195 00a6 E6       		.byte	-26
 196 00a7 05       		.byte	5
 197 00a8 8C       		.byte	-116
 198 00a9 80       		.byte	-128
 199 00aa 8F       		.byte	-113
 200 00ab 10       		.byte	16
 201 00ac EE       		.byte	-18
 202 00ad 01       		.byte	1
 203 00ae 9B       		.byte	-101
 204 00af 10       		.byte	16
 205 00b0 A0       		.byte	-96
 206 00b1 80       		.byte	-128
 207 00b2 A1       		.byte	-95
 208 00b3 10       		.byte	16
 209 00b4 B5       		.byte	-75
 210 00b5 10       		.byte	16
 211 00b6 E0       		.byte	-32
 212 00b7 42       		.byte	66
 213 00b8 E4       		.byte	-28
 214 00b9 02       		.byte	2
 215 00ba EA       		.byte	-22
 216 00bb 04       		.byte	4
 217 00bc 04       		.byte	4
 218 00bd 02       		.byte	2
 219 00be 07       		.byte	7
 220 00bf 2A       		.byte	42
 221 00c0 09       		.byte	9
 222 00c1 06       		.byte	6
 223 00c2 0B       		.byte	11
 224 00c3 68       		.byte	104
 225 00c4 0D       		.byte	13
 226 00c5 01       		.byte	1
 227 00c6 11       		.byte	17
 228 00c7 06       		.byte	6
ARM GAS  C:\Users\badun\AppData\Local\Temp\ccs8w97r.s 			page 5


 229 00c8 13       		.byte	19
 230 00c9 08       		.byte	8
 231 00ca 14       		.byte	20
 232 00cb 01       		.byte	1
 233 00cc 15       		.byte	21
 234 00cd 06       		.byte	6
 235 00ce 17       		.byte	23
 236 00cf 38       		.byte	56
 237 00d0 19       		.byte	25
 238 00d1 54       		.byte	84
 239 00d2 1A       		.byte	26
 240 00d3 01       		.byte	1
 241 00d4 1B       		.byte	27
 242 00d5 28       		.byte	40
 243 00d6 1F       		.byte	31
 244 00d7 50       		.byte	80
 245 00d8 24       		.byte	36
 246 00d9 01       		.byte	1
 247 00da 27       		.byte	39
 248 00db 40       		.byte	64
 249 00dc 29       		.byte	41
 250 00dd 01       		.byte	1
 251 00de 2D       		.byte	45
 252 00df 01       		.byte	1
 253 00e0 31       		.byte	49
 254 00e1 01       		.byte	1
 255 00e2 32       		.byte	50
 256 00e3 03       		.byte	3
 257 00e4 33       		.byte	51
 258 00e5 1E       		.byte	30
 259 00e6 35       		.byte	53
 260 00e7 70       		.byte	112
 261 00e8 38       		.byte	56
 262 00e9 08       		.byte	8
 263 00ea 3B       		.byte	59
 264 00eb 28       		.byte	40
 265 00ec 58       		.byte	88
 266 00ed 04       		.byte	4
 267 00ee 59       		.byte	89
 268 00ef 04       		.byte	4
 269 00f0 5B       		.byte	91
 270 00f1 04       		.byte	4
 271 00f2 5C       		.byte	92
 272 00f3 11       		.byte	17
 273 00f4 5F       		.byte	95
 274 00f5 01       		.byte	1
 275 00f6 86       		.byte	-122
 276 00f7 04       		.byte	4
 277 00f8 87       		.byte	-121
 278 00f9 30       		.byte	48
 279 00fa 88       		.byte	-120
 280 00fb 0C       		.byte	12
 281 00fc 89       		.byte	-119
 282 00fd 04       		.byte	4
 283 00fe 8B       		.byte	-117
 284 00ff 38       		.byte	56
 285 0100 8C       		.byte	-116
ARM GAS  C:\Users\badun\AppData\Local\Temp\ccs8w97r.s 			page 6


 286 0101 02       		.byte	2
 287 0102 8F       		.byte	-113
 288 0103 01       		.byte	1
 289 0104 92       		.byte	-110
 290 0105 02       		.byte	2
 291 0106 95       		.byte	-107
 292 0107 04       		.byte	4
 293 0108 97       		.byte	-105
 294 0109 18       		.byte	24
 295 010a 98       		.byte	-104
 296 010b 08       		.byte	8
 297 010c 99       		.byte	-103
 298 010d 30       		.byte	48
 299 010e 9B       		.byte	-101
 300 010f 0C       		.byte	12
 301 0110 9D       		.byte	-99
 302 0111 02       		.byte	2
 303 0112 A1       		.byte	-95
 304 0113 01       		.byte	1
 305 0114 A4       		.byte	-92
 306 0115 0C       		.byte	12
 307 0116 A7       		.byte	-89
 308 0117 20       		.byte	32
 309 0118 A8       		.byte	-88
 310 0119 01       		.byte	1
 311 011a AB       		.byte	-85
 312 011b 0C       		.byte	12
 313 011c B0       		.byte	-80
 314 011d 02       		.byte	2
 315 011e B1       		.byte	-79
 316 011f 01       		.byte	1
 317 0120 B2       		.byte	-78
 318 0121 01       		.byte	1
 319 0122 B3       		.byte	-77
 320 0123 02       		.byte	2
 321 0124 B4       		.byte	-76
 322 0125 0C       		.byte	12
 323 0126 B5       		.byte	-75
 324 0127 3C       		.byte	60
 325 0128 B8       		.byte	-72
 326 0129 22       		.byte	34
 327 012a BB       		.byte	-69
 328 012b 20       		.byte	32
 329 012c BE       		.byte	-66
 330 012d 15       		.byte	21
 331 012e BF       		.byte	-65
 332 012f 05       		.byte	5
 333 0130 C0       		.byte	-64
 334 0131 02       		.byte	2
 335 0132 C5       		.byte	-59
 336 0133 04       		.byte	4
 337 0134 C9       		.byte	-55
 338 0135 FF       		.byte	-1
 339 0136 CA       		.byte	-54
 340 0137 07       		.byte	7
 341 0138 CB       		.byte	-53
 342 0139 FF       		.byte	-1
ARM GAS  C:\Users\badun\AppData\Local\Temp\ccs8w97r.s 			page 7


 343 013a CC       		.byte	-52
 344 013b 40       		.byte	64
 345 013c CD       		.byte	-51
 346 013d 20       		.byte	32
 347 013e CE       		.byte	-50
 348 013f F0       		.byte	-16
 349 0140 CF       		.byte	-49
 350 0141 05       		.byte	5
 351 0142 D0       		.byte	-48
 352 0143 08       		.byte	8
 353 0144 D4       		.byte	-44
 354 0145 01       		.byte	1
 355 0146 D8       		.byte	-40
 356 0147 04       		.byte	4
 357 0148 D9       		.byte	-39
 358 0149 04       		.byte	4
 359 014a DA       		.byte	-38
 360 014b 04       		.byte	4
 361 014c DB       		.byte	-37
 362 014d 04       		.byte	4
 363 014e DC       		.byte	-36
 364 014f 10       		.byte	16
 365 0150 DD       		.byte	-35
 366 0151 11       		.byte	17
 367 0152 DF       		.byte	-33
 368 0153 01       		.byte	1
 369 0154 E0       		.byte	-32
 370 0155 40       		.byte	64
 371 0156 E1       		.byte	-31
 372 0157 A8       		.byte	-88
 373 0158 E2       		.byte	-30
 374 0159 40       		.byte	64
 375 015a E3       		.byte	-29
 376 015b 20       		.byte	32
 377 015c 01       		.byte	1
 378 015d 14       		.byte	20
 379 015e 02       		.byte	2
 380 015f 11       		.byte	17
 381 0160 03       		.byte	3
 382 0161 04       		.byte	4
 383 0162 06       		.byte	6
 384 0163 10       		.byte	16
 385 0164 09       		.byte	9
 386 0165 20       		.byte	32
 387 0166 0B       		.byte	11
 388 0167 40       		.byte	64
 389 0168 0C       		.byte	12
 390 0169 80       		.byte	-128
 391 016a 0D       		.byte	13
 392 016b 28       		.byte	40
 393 016c 0E       		.byte	14
 394 016d 02       		.byte	2
 395 016e 11       		.byte	17
 396 016f 28       		.byte	40
 397 0170 17       		.byte	23
 398 0171 04       		.byte	4
 399 0172 18       		.byte	24
ARM GAS  C:\Users\badun\AppData\Local\Temp\ccs8w97r.s 			page 8


 400 0173 04       		.byte	4
 401 0174 1A       		.byte	26
 402 0175 80       		.byte	-128
 403 0176 1B       		.byte	27
 404 0177 08       		.byte	8
 405 0178 1E       		.byte	30
 406 0179 10       		.byte	16
 407 017a 1F       		.byte	31
 408 017b 04       		.byte	4
 409 017c 21       		.byte	33
 410 017d 20       		.byte	32
 411 017e 22       		.byte	34
 412 017f 26       		.byte	38
 413 0180 25       		.byte	37
 414 0181 0D       		.byte	13
 415 0182 26       		.byte	38
 416 0183 04       		.byte	4
 417 0184 27       		.byte	39
 418 0185 04       		.byte	4
 419 0186 29       		.byte	41
 420 0187 05       		.byte	5
 421 0188 2A       		.byte	42
 422 0189 11       		.byte	17
 423 018a 2C       		.byte	44
 424 018b 2A       		.byte	42
 425 018c 31       		.byte	49
 426 018d 68       		.byte	104
 427 018e 36       		.byte	54
 428 018f 25       		.byte	37
 429 0190 37       		.byte	55
 430 0191 80       		.byte	-128
 431 0192 38       		.byte	56
 432 0193 80       		.byte	-128
 433 0194 39       		.byte	57
 434 0195 10       		.byte	16
 435 0196 3B       		.byte	59
 436 0197 48       		.byte	72
 437 0198 3C       		.byte	60
 438 0199 80       		.byte	-128
 439 019a 3D       		.byte	61
 440 019b 14       		.byte	20
 441 019c 40       		.byte	64
 442 019d 04       		.byte	4
 443 019e 48       		.byte	72
 444 019f 20       		.byte	32
 445 01a0 49       		.byte	73
 446 01a1 04       		.byte	4
 447 01a2 52       		.byte	82
 448 01a3 10       		.byte	16
 449 01a4 58       		.byte	88
 450 01a5 81       		.byte	-127
 451 01a6 5A       		.byte	90
 452 01a7 08       		.byte	8
 453 01a8 5B       		.byte	91
 454 01a9 10       		.byte	16
 455 01aa 64       		.byte	100
 456 01ab 01       		.byte	1
ARM GAS  C:\Users\badun\AppData\Local\Temp\ccs8w97r.s 			page 9


 457 01ac 65       		.byte	101
 458 01ad 40       		.byte	64
 459 01ae 69       		.byte	105
 460 01af 40       		.byte	64
 461 01b0 6F       		.byte	111
 462 01b1 02       		.byte	2
 463 01b2 82       		.byte	-126
 464 01b3 40       		.byte	64
 465 01b4 86       		.byte	-122
 466 01b5 01       		.byte	1
 467 01b6 89       		.byte	-119
 468 01b7 20       		.byte	32
 469 01b8 8A       		.byte	-118
 470 01b9 02       		.byte	2
 471 01ba 8B       		.byte	-117
 472 01bb 08       		.byte	8
 473 01bc 8F       		.byte	-113
 474 01bd 06       		.byte	6
 475 01be 99       		.byte	-103
 476 01bf 40       		.byte	64
 477 01c0 9B       		.byte	-101
 478 01c1 10       		.byte	16
 479 01c2 A0       		.byte	-96
 480 01c3 80       		.byte	-128
 481 01c4 A1       		.byte	-95
 482 01c5 10       		.byte	16
 483 01c6 A4       		.byte	-92
 484 01c7 20       		.byte	32
 485 01c8 AD       		.byte	-83
 486 01c9 40       		.byte	64
 487 01ca B4       		.byte	-76
 488 01cb 20       		.byte	32
 489 01cc C0       		.byte	-64
 490 01cd 27       		.byte	39
 491 01ce C2       		.byte	-62
 492 01cf 6A       		.byte	106
 493 01d0 C4       		.byte	-60
 494 01d1 26       		.byte	38
 495 01d2 CA       		.byte	-54
 496 01d3 77       		.byte	119
 497 01d4 CC       		.byte	-52
 498 01d5 FE       		.byte	-2
 499 01d6 CE       		.byte	-50
 500 01d7 7E       		.byte	126
 501 01d8 D0       		.byte	-48
 502 01d9 04       		.byte	4
 503 01da D6       		.byte	-42
 504 01db 0F       		.byte	15
 505 01dc E2       		.byte	-30
 506 01dd 01       		.byte	1
 507 01de E6       		.byte	-26
 508 01df 40       		.byte	64
 509 01e0 EE       		.byte	-18
 510 01e1 08       		.byte	8
 511 01e2 89       		.byte	-119
 512 01e3 80       		.byte	-128
 513 01e4 8D       		.byte	-115
ARM GAS  C:\Users\badun\AppData\Local\Temp\ccs8w97r.s 			page 10


 514 01e5 02       		.byte	2
 515 01e6 9D       		.byte	-99
 516 01e7 80       		.byte	-128
 517 01e8 9E       		.byte	-98
 518 01e9 04       		.byte	4
 519 01ea 9F       		.byte	-97
 520 01eb 20       		.byte	32
 521 01ec A5       		.byte	-91
 522 01ed 02       		.byte	2
 523 01ee A6       		.byte	-90
 524 01ef 08       		.byte	8
 525 01f0 AE       		.byte	-82
 526 01f1 80       		.byte	-128
 527 01f2 B0       		.byte	-80
 528 01f3 80       		.byte	-128
 529 01f4 B7       		.byte	-73
 530 01f5 01       		.byte	1
 531 01f6 E0       		.byte	-32
 532 01f7 20       		.byte	32
 533 01f8 E2       		.byte	-30
 534 01f9 01       		.byte	1
 535 01fa E4       		.byte	-28
 536 01fb B0       		.byte	-80
 537 01fc EC       		.byte	-20
 538 01fd 10       		.byte	16
 539 01fe 84       		.byte	-124
 540 01ff 40       		.byte	64
 541 0200 87       		.byte	-121
 542 0201 10       		.byte	16
 543 0202 8C       		.byte	-116
 544 0203 08       		.byte	8
 545 0204 97       		.byte	-105
 546 0205 21       		.byte	33
 547 0206 9C       		.byte	-100
 548 0207 88       		.byte	-120
 549 0208 9D       		.byte	-99
 550 0209 80       		.byte	-128
 551 020a 9E       		.byte	-98
 552 020b 04       		.byte	4
 553 020c 9F       		.byte	-97
 554 020d 20       		.byte	32
 555 020e A2       		.byte	-94
 556 020f 80       		.byte	-128
 557 0210 A4       		.byte	-92
 558 0211 40       		.byte	64
 559 0212 A5       		.byte	-91
 560 0213 02       		.byte	2
 561 0214 A6       		.byte	-90
 562 0215 08       		.byte	8
 563 0216 A8       		.byte	-88
 564 0217 08       		.byte	8
 565 0218 A9       		.byte	-87
 566 0219 04       		.byte	4
 567 021a AE       		.byte	-82
 568 021b 01       		.byte	1
 569 021c B0       		.byte	-80
 570 021d 02       		.byte	2
ARM GAS  C:\Users\badun\AppData\Local\Temp\ccs8w97r.s 			page 11


 571 021e B4       		.byte	-76
 572 021f 80       		.byte	-128
 573 0220 B5       		.byte	-75
 574 0221 08       		.byte	8
 575 0222 E0       		.byte	-32
 576 0223 40       		.byte	64
 577 0224 E8       		.byte	-24
 578 0225 09       		.byte	9
 579 0226 EE       		.byte	-18
 580 0227 10       		.byte	16
 581 0228 00       		.byte	0
 582 0229 0C       		.byte	12
 583 022a 02       		.byte	2
 584 022b 11       		.byte	17
 585 022c 08       		.byte	8
 586 022d 09       		.byte	9
 587 022e 0A       		.byte	10
 588 022f 10       		.byte	16
 589 0230 0C       		.byte	12
 590 0231 1C       		.byte	28
 591 0232 0E       		.byte	14
 592 0233 02       		.byte	2
 593 0234 0F       		.byte	15
 594 0235 02       		.byte	2
 595 0236 16       		.byte	22
 596 0237 03       		.byte	3
 597 0238 1C       		.byte	28
 598 0239 10       		.byte	16
 599 023a 20       		.byte	32
 600 023b 14       		.byte	20
 601 023c 27       		.byte	39
 602 023d 01       		.byte	1
 603 023e 28       		.byte	40
 604 023f 10       		.byte	16
 605 0240 2A       		.byte	42
 606 0241 0C       		.byte	12
 607 0242 32       		.byte	50
 608 0243 1F       		.byte	31
 609 0244 33       		.byte	51
 610 0245 01       		.byte	1
 611 0246 37       		.byte	55
 612 0247 02       		.byte	2
 613 0248 40       		.byte	64
 614 0249 62       		.byte	98
 615 024a 41       		.byte	65
 616 024b 04       		.byte	4
 617 024c 45       		.byte	69
 618 024d E0       		.byte	-32
 619 024e 46       		.byte	70
 620 024f 0B       		.byte	11
 621 0250 47       		.byte	71
 622 0251 C0       		.byte	-64
 623 0252 48       		.byte	72
 624 0253 26       		.byte	38
 625 0254 49       		.byte	73
 626 0255 FF       		.byte	-1
 627 0256 4A       		.byte	74
ARM GAS  C:\Users\badun\AppData\Local\Temp\ccs8w97r.s 			page 12


 628 0257 FF       		.byte	-1
 629 0258 4B       		.byte	75
 630 0259 FF       		.byte	-1
 631 025a 4E       		.byte	78
 632 025b F0       		.byte	-16
 633 025c 4F       		.byte	79
 634 025d 44       		.byte	68
 635 025e 50       		.byte	80
 636 025f 0C       		.byte	12
 637 0260 58       		.byte	88
 638 0261 04       		.byte	4
 639 0262 59       		.byte	89
 640 0263 04       		.byte	4
 641 0264 5A       		.byte	90
 642 0265 04       		.byte	4
 643 0266 5C       		.byte	92
 644 0267 31       		.byte	49
 645 0268 5D       		.byte	93
 646 0269 01       		.byte	1
 647 026a 5F       		.byte	95
 648 026b 01       		.byte	1
 649 026c 66       		.byte	102
 650 026d C0       		.byte	-64
 651 026e 6A       		.byte	106
 652 026f 40       		.byte	64
 653 0270 6B       		.byte	107
 654 0271 02       		.byte	2
 655 0272 92       		.byte	-110
 656 0273 01       		.byte	1
 657 0274 96       		.byte	-106
 658 0275 04       		.byte	4
 659 0276 9E       		.byte	-98
 660 0277 02       		.byte	2
 661 0278 B2       		.byte	-78
 662 0279 04       		.byte	4
 663 027a B4       		.byte	-76
 664 027b 02       		.byte	2
 665 027c B6       		.byte	-74
 666 027d 01       		.byte	1
 667 027e D8       		.byte	-40
 668 027f 04       		.byte	4
 669 0280 DB       		.byte	-37
 670 0281 04       		.byte	4
 671 0282 DC       		.byte	-36
 672 0283 03       		.byte	3
 673 0284 DF       		.byte	-33
 674 0285 01       		.byte	1
 675 0286 05       		.byte	5
 676 0287 80       		.byte	-128
 677 0288 06       		.byte	6
 678 0289 84       		.byte	-124
 679 028a 08       		.byte	8
 680 028b 8A       		.byte	-118
 681 028c 0D       		.byte	13
 682 028d 08       		.byte	8
 683 028e 0F       		.byte	15
 684 028f 01       		.byte	1
ARM GAS  C:\Users\badun\AppData\Local\Temp\ccs8w97r.s 			page 13


 685 0290 15       		.byte	21
 686 0291 10       		.byte	16
 687 0292 16       		.byte	22
 688 0293 40       		.byte	64
 689 0294 18       		.byte	24
 690 0295 10       		.byte	16
 691 0296 1A       		.byte	26
 692 0297 08       		.byte	8
 693 0298 1B       		.byte	27
 694 0299 80       		.byte	-128
 695 029a 1D       		.byte	29
 696 029b 08       		.byte	8
 697 029c 25       		.byte	37
 698 029d 04       		.byte	4
 699 029e 27       		.byte	39
 700 029f 02       		.byte	2
 701 02a0 2F       		.byte	47
 702 02a1 10       		.byte	16
 703 02a2 3C       		.byte	60
 704 02a3 80       		.byte	-128
 705 02a4 45       		.byte	69
 706 02a5 02       		.byte	2
 707 02a6 46       		.byte	70
 708 02a7 80       		.byte	-128
 709 02a8 47       		.byte	71
 710 02a9 20       		.byte	32
 711 02aa 4D       		.byte	77
 712 02ab 10       		.byte	16
 713 02ac 4E       		.byte	78
 714 02ad 88       		.byte	-120
 715 02ae 56       		.byte	86
 716 02af 41       		.byte	65
 717 02b0 68       		.byte	104
 718 02b1 08       		.byte	8
 719 02b2 69       		.byte	105
 720 02b3 84       		.byte	-124
 721 02b4 6A       		.byte	106
 722 02b5 01       		.byte	1
 723 02b6 70       		.byte	112
 724 02b7 86       		.byte	-122
 725 02b8 71       		.byte	113
 726 02b9 20       		.byte	32
 727 02ba 81       		.byte	-127
 728 02bb 60       		.byte	96
 729 02bc 85       		.byte	-123
 730 02bd 04       		.byte	4
 731 02be 88       		.byte	-120
 732 02bf 02       		.byte	2
 733 02c0 8C       		.byte	-116
 734 02c1 04       		.byte	4
 735 02c2 8E       		.byte	-114
 736 02c3 01       		.byte	1
 737 02c4 94       		.byte	-108
 738 02c5 10       		.byte	16
 739 02c6 96       		.byte	-106
 740 02c7 08       		.byte	8
 741 02c8 9F       		.byte	-97
ARM GAS  C:\Users\badun\AppData\Local\Temp\ccs8w97r.s 			page 14


 742 02c9 02       		.byte	2
 743 02ca A7       		.byte	-89
 744 02cb 80       		.byte	-128
 745 02cc A8       		.byte	-88
 746 02cd 10       		.byte	16
 747 02ce C0       		.byte	-64
 748 02cf D0       		.byte	-48
 749 02d0 C2       		.byte	-62
 750 02d1 AD       		.byte	-83
 751 02d2 C4       		.byte	-60
 752 02d3 50       		.byte	80
 753 02d4 CA       		.byte	-54
 754 02d5 40       		.byte	64
 755 02d6 CE       		.byte	-50
 756 02d7 10       		.byte	16
 757 02d8 D0       		.byte	-48
 758 02d9 A0       		.byte	-96
 759 02da D2       		.byte	-46
 760 02db 20       		.byte	32
 761 02dc E0       		.byte	-32
 762 02dd 05       		.byte	5
 763 02de E4       		.byte	-28
 764 02df 02       		.byte	2
 765 02e0 E6       		.byte	-26
 766 02e1 40       		.byte	64
 767 02e2 83       		.byte	-125
 768 02e3 82       		.byte	-126
 769 02e4 8A       		.byte	-118
 770 02e5 04       		.byte	4
 771 02e6 E2       		.byte	-30
 772 02e7 80       		.byte	-128
 773 02e8 1E       		.byte	30
 774 02e9 01       		.byte	1
 775 02ea 22       		.byte	34
 776 02eb 01       		.byte	1
 777 02ec 36       		.byte	54
 778 02ed 01       		.byte	1
 779 02ee 3B       		.byte	59
 780 02ef 08       		.byte	8
 781 02f0 3E       		.byte	62
 782 02f1 40       		.byte	64
 783 02f2 58       		.byte	88
 784 02f3 04       		.byte	4
 785 02f4 59       		.byte	89
 786 02f5 04       		.byte	4
 787 02f6 5C       		.byte	92
 788 02f7 10       		.byte	16
 789 02f8 5F       		.byte	95
 790 02f9 01       		.byte	1
 791 02fa 04       		.byte	4
 792 02fb 20       		.byte	32
 793 02fc 05       		.byte	5
 794 02fd 02       		.byte	2
 795 02fe 07       		.byte	7
 796 02ff 21       		.byte	33
 797 0300 0A       		.byte	10
 798 0301 02       		.byte	2
ARM GAS  C:\Users\badun\AppData\Local\Temp\ccs8w97r.s 			page 15


 799 0302 0B       		.byte	11
 800 0303 02       		.byte	2
 801 0304 0C       		.byte	12
 802 0305 08       		.byte	8
 803 0306 0E       		.byte	14
 804 0307 48       		.byte	72
 805 0308 0F       		.byte	15
 806 0309 02       		.byte	2
 807 030a 10       		.byte	16
 808 030b 80       		.byte	-128
 809 030c 14       		.byte	20
 810 030d 80       		.byte	-128
 811 030e 17       		.byte	23
 812 030f 18       		.byte	24
 813 0310 19       		.byte	25
 814 0311 40       		.byte	64
 815 0312 1D       		.byte	29
 816 0313 80       		.byte	-128
 817 0314 1E       		.byte	30
 818 0315 40       		.byte	64
 819 0316 1F       		.byte	31
 820 0317 14       		.byte	20
 821 0318 23       		.byte	35
 822 0319 20       		.byte	32
 823 031a 24       		.byte	36
 824 031b 09       		.byte	9
 825 031c 26       		.byte	38
 826 031d 20       		.byte	32
 827 031e 27       		.byte	39
 828 031f 40       		.byte	64
 829 0320 2C       		.byte	44
 830 0321 60       		.byte	96
 831 0322 2D       		.byte	45
 832 0323 10       		.byte	16
 833 0324 2E       		.byte	46
 834 0325 80       		.byte	-128
 835 0326 35       		.byte	53
 836 0327 02       		.byte	2
 837 0328 36       		.byte	54
 838 0329 20       		.byte	32
 839 032a 37       		.byte	55
 840 032b 48       		.byte	72
 841 032c 3E       		.byte	62
 842 032d 2A       		.byte	42
 843 032e 3F       		.byte	63
 844 032f 80       		.byte	-128
 845 0330 45       		.byte	69
 846 0331 81       		.byte	-127
 847 0332 46       		.byte	70
 848 0333 88       		.byte	-120
 849 0334 47       		.byte	71
 850 0335 28       		.byte	40
 851 0336 4C       		.byte	76
 852 0337 80       		.byte	-128
 853 0338 4E       		.byte	78
 854 0339 01       		.byte	1
 855 033a 57       		.byte	87
ARM GAS  C:\Users\badun\AppData\Local\Temp\ccs8w97r.s 			page 16


 856 033b 01       		.byte	1
 857 033c 58       		.byte	88
 858 033d 40       		.byte	64
 859 033e 5A       		.byte	90
 860 033f 40       		.byte	64
 861 0340 5F       		.byte	95
 862 0341 10       		.byte	16
 863 0342 67       		.byte	103
 864 0343 30       		.byte	48
 865 0344 6C       		.byte	108
 866 0345 0A       		.byte	10
 867 0346 6E       		.byte	110
 868 0347 04       		.byte	4
 869 0348 6F       		.byte	111
 870 0349 10       		.byte	16
 871 034a 74       		.byte	116
 872 034b 20       		.byte	32
 873 034c 76       		.byte	118
 874 034d 23       		.byte	35
 875 034e 80       		.byte	-128
 876 034f 94       		.byte	-108
 877 0350 83       		.byte	-125
 878 0351 40       		.byte	64
 879 0352 84       		.byte	-124
 880 0353 40       		.byte	64
 881 0354 86       		.byte	-122
 882 0355 04       		.byte	4
 883 0356 89       		.byte	-119
 884 0357 10       		.byte	16
 885 0358 8E       		.byte	-114
 886 0359 84       		.byte	-124
 887 035a 90       		.byte	-112
 888 035b 20       		.byte	32
 889 035c 93       		.byte	-109
 890 035d 02       		.byte	2
 891 035e 94       		.byte	-108
 892 035f 01       		.byte	1
 893 0360 97       		.byte	-105
 894 0361 08       		.byte	8
 895 0362 99       		.byte	-103
 896 0363 02       		.byte	2
 897 0364 9B       		.byte	-101
 898 0365 09       		.byte	9
 899 0366 9C       		.byte	-100
 900 0367 40       		.byte	64
 901 0368 9D       		.byte	-99
 902 0369 40       		.byte	64
 903 036a 9E       		.byte	-98
 904 036b A9       		.byte	-87
 905 036c A1       		.byte	-95
 906 036d 01       		.byte	1
 907 036e A4       		.byte	-92
 908 036f 6A       		.byte	106
 909 0370 A6       		.byte	-90
 910 0371 A0       		.byte	-96
 911 0372 A8       		.byte	-88
 912 0373 40       		.byte	64
ARM GAS  C:\Users\badun\AppData\Local\Temp\ccs8w97r.s 			page 17


 913 0374 B7       		.byte	-73
 914 0375 04       		.byte	4
 915 0376 C0       		.byte	-64
 916 0377 F0       		.byte	-16
 917 0378 C2       		.byte	-62
 918 0379 F1       		.byte	-15
 919 037a C4       		.byte	-60
 920 037b 78       		.byte	120
 921 037c CA       		.byte	-54
 922 037d F0       		.byte	-16
 923 037e CC       		.byte	-52
 924 037f F0       		.byte	-16
 925 0380 CE       		.byte	-50
 926 0381 F0       		.byte	-16
 927 0382 D0       		.byte	-48
 928 0383 F0       		.byte	-16
 929 0384 D2       		.byte	-46
 930 0385 10       		.byte	16
 931 0386 D6       		.byte	-42
 932 0387 20       		.byte	32
 933 0388 EE       		.byte	-18
 934 0389 10       		.byte	16
 935 038a 02       		.byte	2
 936 038b 01       		.byte	1
 937 038c 03       		.byte	3
 938 038d 23       		.byte	35
 939 038e 04       		.byte	4
 940 038f 07       		.byte	7
 941 0390 05       		.byte	5
 942 0391 3F       		.byte	63
 943 0392 08       		.byte	8
 944 0393 06       		.byte	6
 945 0394 09       		.byte	9
 946 0395 0C       		.byte	12
 947 0396 0A       		.byte	10
 948 0397 01       		.byte	1
 949 0398 0C       		.byte	12
 950 0399 04       		.byte	4
 951 039a 0D       		.byte	13
 952 039b 08       		.byte	8
 953 039c 11       		.byte	17
 954 039d 03       		.byte	3
 955 039e 14       		.byte	20
 956 039f 01       		.byte	1
 957 03a0 15       		.byte	21
 958 03a1 33       		.byte	51
 959 03a2 16       		.byte	22
 960 03a3 06       		.byte	6
 961 03a4 17       		.byte	23
 962 03a5 0C       		.byte	12
 963 03a6 18       		.byte	24
 964 03a7 02       		.byte	2
 965 03a8 19       		.byte	25
 966 03a9 0C       		.byte	12
 967 03aa 1B       		.byte	27
 968 03ab 33       		.byte	51
 969 03ac 1D       		.byte	29
ARM GAS  C:\Users\badun\AppData\Local\Temp\ccs8w97r.s 			page 18


 970 03ad 01       		.byte	1
 971 03ae 21       		.byte	33
 972 03af 02       		.byte	2
 973 03b0 24       		.byte	36
 974 03b1 06       		.byte	6
 975 03b2 25       		.byte	37
 976 03b3 04       		.byte	4
 977 03b4 28       		.byte	40
 978 03b5 07       		.byte	7
 979 03b6 29       		.byte	41
 980 03b7 0F       		.byte	15
 981 03b8 2B       		.byte	43
 982 03b9 30       		.byte	48
 983 03ba 30       		.byte	48
 984 03bb 07       		.byte	7
 985 03bc 33       		.byte	51
 986 03bd 2C       		.byte	44
 987 03be 35       		.byte	53
 988 03bf 0F       		.byte	15
 989 03c0 37       		.byte	55
 990 03c1 10       		.byte	16
 991 03c2 39       		.byte	57
 992 03c3 82       		.byte	-126
 993 03c4 3B       		.byte	59
 994 03c5 28       		.byte	40
 995 03c6 3F       		.byte	63
 996 03c7 01       		.byte	1
 997 03c8 54       		.byte	84
 998 03c9 18       		.byte	24
 999 03ca 58       		.byte	88
 1000 03cb 04       		.byte	4
 1001 03cc 59       		.byte	89
 1002 03cd 04       		.byte	4
 1003 03ce 5B       		.byte	91
 1004 03cf 04       		.byte	4
 1005 03d0 5C       		.byte	92
 1006 03d1 11       		.byte	17
 1007 03d2 5D       		.byte	93
 1008 03d3 10       		.byte	16
 1009 03d4 5F       		.byte	95
 1010 03d5 01       		.byte	1
 1011 03d6 80       		.byte	-128
 1012 03d7 01       		.byte	1
 1013 03d8 82       		.byte	-126
 1014 03d9 06       		.byte	6
 1015 03da 89       		.byte	-119
 1016 03db 02       		.byte	2
 1017 03dc 8C       		.byte	-116
 1018 03dd 07       		.byte	7
 1019 03de 91       		.byte	-111
 1020 03df 01       		.byte	1
 1021 03e0 95       		.byte	-107
 1022 03e1 02       		.byte	2
 1023 03e2 9B       		.byte	-101
 1024 03e3 02       		.byte	2
 1025 03e4 9C       		.byte	-100
 1026 03e5 04       		.byte	4
ARM GAS  C:\Users\badun\AppData\Local\Temp\ccs8w97r.s 			page 19


 1027 03e6 9E       		.byte	-98
 1028 03e7 01       		.byte	1
 1029 03e8 9F       		.byte	-97
 1030 03e9 02       		.byte	2
 1031 03ea A0       		.byte	-96
 1032 03eb 02       		.byte	2
 1033 03ec A2       		.byte	-94
 1034 03ed 01       		.byte	1
 1035 03ee A8       		.byte	-88
 1036 03ef 07       		.byte	7
 1037 03f0 AB       		.byte	-85
 1038 03f1 02       		.byte	2
 1039 03f2 B0       		.byte	-80
 1040 03f3 07       		.byte	7
 1041 03f4 B1       		.byte	-79
 1042 03f5 02       		.byte	2
 1043 03f6 B3       		.byte	-77
 1044 03f7 01       		.byte	1
 1045 03f8 BF       		.byte	-65
 1046 03f9 05       		.byte	5
 1047 03fa D6       		.byte	-42
 1048 03fb 02       		.byte	2
 1049 03fc D7       		.byte	-41
 1050 03fd 28       		.byte	40
 1051 03fe D8       		.byte	-40
 1052 03ff 04       		.byte	4
 1053 0400 D9       		.byte	-39
 1054 0401 04       		.byte	4
 1055 0402 DB       		.byte	-37
 1056 0403 04       		.byte	4
 1057 0404 DC       		.byte	-36
 1058 0405 01       		.byte	1
 1059 0406 DD       		.byte	-35
 1060 0407 20       		.byte	32
 1061 0408 DE       		.byte	-34
 1062 0409 08       		.byte	8
 1063 040a DF       		.byte	-33
 1064 040b 01       		.byte	1
 1065 040c 00       		.byte	0
 1066 040d 80       		.byte	-128
 1067 040e 01       		.byte	1
 1068 040f 02       		.byte	2
 1069 0410 04       		.byte	4
 1070 0411 60       		.byte	96
 1071 0412 05       		.byte	5
 1072 0413 20       		.byte	32
 1073 0414 06       		.byte	6
 1074 0415 81       		.byte	-127
 1075 0416 07       		.byte	7
 1076 0417 10       		.byte	16
 1077 0418 08       		.byte	8
 1078 0419 40       		.byte	64
 1079 041a 0C       		.byte	12
 1080 041b 20       		.byte	32
 1081 041c 0E       		.byte	14
 1082 041d 20       		.byte	32
 1083 041e 10       		.byte	16
ARM GAS  C:\Users\badun\AppData\Local\Temp\ccs8w97r.s 			page 20


 1084 041f 08       		.byte	8
 1085 0420 12       		.byte	18
 1086 0421 80       		.byte	-128
 1087 0422 16       		.byte	22
 1088 0423 28       		.byte	40
 1089 0424 19       		.byte	25
 1090 0425 02       		.byte	2
 1091 0426 1F       		.byte	31
 1092 0427 01       		.byte	1
 1093 0428 20       		.byte	32
 1094 0429 10       		.byte	16
 1095 042a 21       		.byte	33
 1096 042b 01       		.byte	1
 1097 042c 24       		.byte	36
 1098 042d 20       		.byte	32
 1099 042e 26       		.byte	38
 1100 042f 12       		.byte	18
 1101 0430 27       		.byte	39
 1102 0431 09       		.byte	9
 1103 0432 2A       		.byte	42
 1104 0433 10       		.byte	16
 1105 0434 2C       		.byte	44
 1106 0435 60       		.byte	96
 1107 0436 2D       		.byte	45
 1108 0437 20       		.byte	32
 1109 0438 30       		.byte	48
 1110 0439 80       		.byte	-128
 1111 043a 31       		.byte	49
 1112 043b 29       		.byte	41
 1113 043c 35       		.byte	53
 1114 043d 02       		.byte	2
 1115 043e 36       		.byte	54
 1116 043f A0       		.byte	-96
 1117 0440 37       		.byte	55
 1118 0441 18       		.byte	24
 1119 0442 39       		.byte	57
 1120 0443 10       		.byte	16
 1121 0444 3C       		.byte	60
 1122 0445 40       		.byte	64
 1123 0446 3D       		.byte	61
 1124 0447 02       		.byte	2
 1125 0448 3E       		.byte	62
 1126 0449 28       		.byte	40
 1127 044a 40       		.byte	64
 1128 044b 80       		.byte	-128
 1129 044c 41       		.byte	65
 1130 044d 01       		.byte	1
 1131 044e 5C       		.byte	92
 1132 044f 01       		.byte	1
 1133 0450 60       		.byte	96
 1134 0451 10       		.byte	16
 1135 0452 65       		.byte	101
 1136 0453 40       		.byte	64
 1137 0454 67       		.byte	103
 1138 0455 08       		.byte	8
 1139 0456 6D       		.byte	109
 1140 0457 08       		.byte	8
ARM GAS  C:\Users\badun\AppData\Local\Temp\ccs8w97r.s 			page 21


 1141 0458 6E       		.byte	110
 1142 0459 81       		.byte	-127
 1143 045a 6F       		.byte	111
 1144 045b 04       		.byte	4
 1145 045c 71       		.byte	113
 1146 045d 01       		.byte	1
 1147 045e 79       		.byte	121
 1148 045f 40       		.byte	64
 1149 0460 82       		.byte	-126
 1150 0461 02       		.byte	2
 1151 0462 8A       		.byte	-118
 1152 0463 40       		.byte	64
 1153 0464 8D       		.byte	-115
 1154 0465 04       		.byte	4
 1155 0466 91       		.byte	-111
 1156 0467 50       		.byte	80
 1157 0468 94       		.byte	-108
 1158 0469 80       		.byte	-128
 1159 046a 96       		.byte	-106
 1160 046b 01       		.byte	1
 1161 046c 9A       		.byte	-102
 1162 046d 10       		.byte	16
 1163 046e 9C       		.byte	-100
 1164 046f 80       		.byte	-128
 1165 0470 9D       		.byte	-99
 1166 0471 01       		.byte	1
 1167 0472 A0       		.byte	-96
 1168 0473 80       		.byte	-128
 1169 0474 A1       		.byte	-95
 1170 0475 29       		.byte	41
 1171 0476 A4       		.byte	-92
 1172 0477 4A       		.byte	74
 1173 0478 AA       		.byte	-86
 1174 0479 10       		.byte	16
 1175 047a AB       		.byte	-85
 1176 047b 80       		.byte	-128
 1177 047c AE       		.byte	-82
 1178 047d 10       		.byte	16
 1179 047e B5       		.byte	-75
 1180 047f 04       		.byte	4
 1181 0480 C0       		.byte	-64
 1182 0481 F9       		.byte	-7
 1183 0482 C2       		.byte	-62
 1184 0483 61       		.byte	97
 1185 0484 C4       		.byte	-60
 1186 0485 6A       		.byte	106
 1187 0486 CA       		.byte	-54
 1188 0487 E4       		.byte	-28
 1189 0488 CC       		.byte	-52
 1190 0489 FF       		.byte	-1
 1191 048a CE       		.byte	-50
 1192 048b F4       		.byte	-12
 1193 048c D6       		.byte	-42
 1194 048d 80       		.byte	-128
 1195 048e D8       		.byte	-40
 1196 048f 32       		.byte	50
 1197 0490 DE       		.byte	-34
ARM GAS  C:\Users\badun\AppData\Local\Temp\ccs8w97r.s 			page 22


 1198 0491 08       		.byte	8
 1199 0492 E2       		.byte	-30
 1200 0493 20       		.byte	32
 1201 0494 E6       		.byte	-26
 1202 0495 40       		.byte	64
 1203 0496 E8       		.byte	-24
 1204 0497 03       		.byte	3
 1205 0498 AA       		.byte	-86
 1206 0499 04       		.byte	4
 1207 049a AF       		.byte	-81
 1208 049b 20       		.byte	32
 1209 049c B6       		.byte	-74
 1210 049d 08       		.byte	8
 1211 049e EC       		.byte	-20
 1212 049f 40       		.byte	64
 1213 04a0 E2       		.byte	-30
 1214 04a1 C0       		.byte	-64
 1215 04a2 30       		.byte	48
 1216 04a3 02       		.byte	2
 1217 04a4 32       		.byte	50
 1218 04a5 40       		.byte	64
 1219 04a6 35       		.byte	53
 1220 04a7 08       		.byte	8
 1221 04a8 36       		.byte	54
 1222 04a9 20       		.byte	32
 1223 04aa 39       		.byte	57
 1224 04ab 10       		.byte	16
 1225 04ac 81       		.byte	-127
 1226 04ad 08       		.byte	8
 1227 04ae 82       		.byte	-126
 1228 04af 40       		.byte	64
 1229 04b0 89       		.byte	-119
 1230 04b1 10       		.byte	16
 1231 04b2 CC       		.byte	-52
 1232 04b3 F0       		.byte	-16
 1233 04b4 CE       		.byte	-50
 1234 04b5 10       		.byte	16
 1235 04b6 E6       		.byte	-26
 1236 04b7 A0       		.byte	-96
 1237 04b8 53       		.byte	83
 1238 04b9 08       		.byte	8
 1239 04ba 55       		.byte	85
 1240 04bb 02       		.byte	2
 1241 04bc 56       		.byte	86
 1242 04bd 40       		.byte	64
 1243 04be 5B       		.byte	91
 1244 04bf 10       		.byte	16
 1245 04c0 5E       		.byte	94
 1246 04c1 02       		.byte	2
 1247 04c2 A4       		.byte	-92
 1248 04c3 02       		.byte	2
 1249 04c4 AA       		.byte	-86
 1250 04c5 20       		.byte	32
 1251 04c6 D4       		.byte	-44
 1252 04c7 E0       		.byte	-32
 1253 04c8 D6       		.byte	-42
 1254 04c9 A0       		.byte	-96
ARM GAS  C:\Users\badun\AppData\Local\Temp\ccs8w97r.s 			page 23


 1255 04ca EE       		.byte	-18
 1256 04cb 80       		.byte	-128
 1257 04cc 1B       		.byte	27
 1258 04cd 04       		.byte	4
 1259 04ce 3F       		.byte	63
 1260 04cf 08       		.byte	8
 1261 04d0 87       		.byte	-121
 1262 04d1 11       		.byte	17
 1263 04d2 8D       		.byte	-115
 1264 04d3 10       		.byte	16
 1265 04d4 9E       		.byte	-98
 1266 04d5 40       		.byte	64
 1267 04d6 9F       		.byte	-97
 1268 04d7 10       		.byte	16
 1269 04d8 A5       		.byte	-91
 1270 04d9 02       		.byte	2
 1271 04da A6       		.byte	-90
 1272 04db 01       		.byte	1
 1273 04dc A7       		.byte	-89
 1274 04dd 08       		.byte	8
 1275 04de A8       		.byte	-88
 1276 04df 02       		.byte	2
 1277 04e0 C6       		.byte	-58
 1278 04e1 10       		.byte	16
 1279 04e2 CE       		.byte	-50
 1280 04e3 80       		.byte	-128
 1281 04e4 E0       		.byte	-32
 1282 04e5 40       		.byte	64
 1283 04e6 E4       		.byte	-28
 1284 04e7 40       		.byte	64
 1285 04e8 EA       		.byte	-22
 1286 04e9 20       		.byte	32
 1287 04ea 62       		.byte	98
 1288 04eb 02       		.byte	2
 1289 04ec 70       		.byte	112
 1290 04ed 10       		.byte	16
 1291 04ee 82       		.byte	-126
 1292 04ef 03       		.byte	3
 1293 04f0 86       		.byte	-122
 1294 04f1 40       		.byte	64
 1295 04f2 8C       		.byte	-116
 1296 04f3 10       		.byte	16
 1297 04f4 97       		.byte	-105
 1298 04f5 20       		.byte	32
 1299 04f6 9D       		.byte	-99
 1300 04f7 10       		.byte	16
 1301 04f8 9E       		.byte	-98
 1302 04f9 40       		.byte	64
 1303 04fa 9F       		.byte	-97
 1304 04fb 11       		.byte	17
 1305 04fc A5       		.byte	-91
 1306 04fd 02       		.byte	2
 1307 04fe A6       		.byte	-90
 1308 04ff 01       		.byte	1
 1309 0500 A7       		.byte	-89
 1310 0501 08       		.byte	8
 1311 0502 D8       		.byte	-40
ARM GAS  C:\Users\badun\AppData\Local\Temp\ccs8w97r.s 			page 24


 1312 0503 40       		.byte	64
 1313 0504 DC       		.byte	-36
 1314 0505 20       		.byte	32
 1315 0506 E2       		.byte	-30
 1316 0507 90       		.byte	-112
 1317 0508 E6       		.byte	-26
 1318 0509 80       		.byte	-128
 1319 050a 13       		.byte	19
 1320 050b 01       		.byte	1
 1321 050c 53       		.byte	83
 1322 050d 10       		.byte	16
 1323 050e 56       		.byte	86
 1324 050f 40       		.byte	64
 1325 0510 59       		.byte	89
 1326 0511 04       		.byte	4
 1327 0512 5B       		.byte	91
 1328 0513 20       		.byte	32
 1329 0514 5F       		.byte	95
 1330 0515 80       		.byte	-128
 1331 0516 62       		.byte	98
 1332 0517 08       		.byte	8
 1333 0518 65       		.byte	101
 1334 0519 80       		.byte	-128
 1335 051a 66       		.byte	102
 1336 051b 01       		.byte	1
 1337 051c 81       		.byte	-127
 1338 051d 80       		.byte	-128
 1339 051e 83       		.byte	-125
 1340 051f 20       		.byte	32
 1341 0520 87       		.byte	-121
 1342 0521 10       		.byte	16
 1343 0522 8A       		.byte	-118
 1344 0523 08       		.byte	8
 1345 0524 8D       		.byte	-115
 1346 0525 04       		.byte	4
 1347 0526 C4       		.byte	-60
 1348 0527 08       		.byte	8
 1349 0528 D4       		.byte	-44
 1350 0529 07       		.byte	7
 1351 052a D6       		.byte	-42
 1352 052b 07       		.byte	7
 1353 052c D8       		.byte	-40
 1354 052d 03       		.byte	3
 1355 052e E0       		.byte	-32
 1356 052f 08       		.byte	8
 1357 0530 E4       		.byte	-28
 1358 0531 01       		.byte	1
 1359 0532 93       		.byte	-109
 1360 0533 01       		.byte	1
 1361 0534 A6       		.byte	-90
 1362 0535 40       		.byte	64
 1363 0536 AB       		.byte	-85
 1364 0537 80       		.byte	-128
 1365 0538 AE       		.byte	-82
 1366 0539 40       		.byte	64
 1367 053a B2       		.byte	-78
 1368 053b 40       		.byte	64
ARM GAS  C:\Users\badun\AppData\Local\Temp\ccs8w97r.s 			page 25


 1369 053c B6       		.byte	-74
 1370 053d 01       		.byte	1
 1371 053e EA       		.byte	-22
 1372 053f 04       		.byte	4
 1373 0540 EC       		.byte	-20
 1374 0541 02       		.byte	2
 1375 0542 83       		.byte	-125
 1376 0543 01       		.byte	1
 1377 0544 89       		.byte	-119
 1378 0545 40       		.byte	64
 1379 0546 8B       		.byte	-117
 1380 0547 40       		.byte	64
 1381 0548 93       		.byte	-109
 1382 0549 01       		.byte	1
 1383 054a 9C       		.byte	-100
 1384 054b 02       		.byte	2
 1385 054c A6       		.byte	-90
 1386 054d 40       		.byte	64
 1387 054e B0       		.byte	-80
 1388 054f 02       		.byte	2
 1389 0550 E0       		.byte	-32
 1390 0551 04       		.byte	4
 1391 0552 E4       		.byte	-28
 1392 0553 04       		.byte	4
 1393 0554 EA       		.byte	-22
 1394 0555 04       		.byte	4
 1395 0556 27       		.byte	39
 1396 0557 80       		.byte	-128
 1397 0558 66       		.byte	102
 1398 0559 04       		.byte	4
 1399 055a 82       		.byte	-126
 1400 055b 04       		.byte	4
 1401 055c 8B       		.byte	-117
 1402 055d 08       		.byte	8
 1403 055e 8F       		.byte	-113
 1404 055f 10       		.byte	16
 1405 0560 97       		.byte	-105
 1406 0561 20       		.byte	32
 1407 0562 9D       		.byte	-99
 1408 0563 10       		.byte	16
 1409 0564 9F       		.byte	-97
 1410 0565 11       		.byte	17
 1411 0566 A2       		.byte	-94
 1412 0567 02       		.byte	2
 1413 0568 A5       		.byte	-91
 1414 0569 02       		.byte	2
 1415 056a A7       		.byte	-89
 1416 056b 08       		.byte	8
 1417 056c C8       		.byte	-56
 1418 056d 80       		.byte	-128
 1419 056e D8       		.byte	-40
 1420 056f 80       		.byte	-128
 1421 0570 E2       		.byte	-30
 1422 0571 80       		.byte	-128
 1423 0572 03       		.byte	3
 1424 0573 01       		.byte	1
 1425 0574 05       		.byte	5
ARM GAS  C:\Users\badun\AppData\Local\Temp\ccs8w97r.s 			page 26


 1426 0575 10       		.byte	16
 1427 0576 0B       		.byte	11
 1428 0577 20       		.byte	32
 1429 0578 52       		.byte	82
 1430 0579 02       		.byte	2
 1431 057a 97       		.byte	-105
 1432 057b 20       		.byte	32
 1433 057c 9D       		.byte	-99
 1434 057d 10       		.byte	16
 1435 057e 9F       		.byte	-97
 1436 057f 01       		.byte	1
 1437 0580 A2       		.byte	-94
 1438 0581 02       		.byte	2
 1439 0582 AB       		.byte	-85
 1440 0583 80       		.byte	-128
 1441 0584 B5       		.byte	-75
 1442 0585 02       		.byte	2
 1443 0586 C0       		.byte	-64
 1444 0587 C0       		.byte	-64
 1445 0588 C2       		.byte	-62
 1446 0589 10       		.byte	16
 1447 058a D4       		.byte	-44
 1448 058b 80       		.byte	-128
 1449 058c E8       		.byte	-24
 1450 058d 80       		.byte	-128
 1451 058e 08       		.byte	8
 1452 058f 02       		.byte	2
 1453 0590 0E       		.byte	14
 1454 0591 80       		.byte	-128
 1455 0592 7D       		.byte	125
 1456 0593 80       		.byte	-128
 1457 0594 93       		.byte	-109
 1458 0595 40       		.byte	64
 1459 0596 9C       		.byte	-100
 1460 0597 02       		.byte	2
 1461 0598 A1       		.byte	-95
 1462 0599 40       		.byte	64
 1463 059a A6       		.byte	-90
 1464 059b 40       		.byte	64
 1465 059c C2       		.byte	-62
 1466 059d 0C       		.byte	12
 1467 059e DE       		.byte	-34
 1468 059f 04       		.byte	4
 1469 05a0 12       		.byte	18
 1470 05a1 80       		.byte	-128
 1471 05a2 73       		.byte	115
 1472 05a3 40       		.byte	64
 1473 05a4 8A       		.byte	-118
 1474 05a5 80       		.byte	-128
 1475 05a6 8E       		.byte	-114
 1476 05a7 80       		.byte	-128
 1477 05a8 93       		.byte	-109
 1478 05a9 40       		.byte	64
 1479 05aa C4       		.byte	-60
 1480 05ab 08       		.byte	8
 1481 05ac DC       		.byte	-36
 1482 05ad 01       		.byte	1
ARM GAS  C:\Users\badun\AppData\Local\Temp\ccs8w97r.s 			page 27


 1483 05ae E2       		.byte	-30
 1484 05af 03       		.byte	3
 1485 05b0 00       		.byte	0
 1486 05b1 0A       		.byte	10
 1487 05b2 0A       		.byte	10
 1488 05b3 02       		.byte	2
 1489 05b4 0E       		.byte	14
 1490 05b5 0A       		.byte	10
 1491 05b6 10       		.byte	16
 1492 05b7 06       		.byte	6
 1493 05b8 1A       		.byte	26
 1494 05b9 06       		.byte	6
 1495 05ba 00       		.byte	0
 1496 05bb FF       		.byte	-1
 1497 05bc 01       		.byte	1
 1498 05bd 03       		.byte	3
 1499 05be 04       		.byte	4
 1500 05bf 0C       		.byte	12
 1501 05c0 00       		.byte	0
 1502 05c1 10       		.byte	16
 1503 05c2 02       		.byte	2
 1504 05c3 00       		.byte	0
 1505 05c4 01       		.byte	1
 1506 05c5 DF       		.byte	-33
 1507 05c6 00       		.byte	0
 1508 05c7 00       		.byte	0
 1509 05c8 01       		.byte	1
 1510 05c9 18       		.byte	24
 1511 05ca 00       		.byte	0
 1512 05cb 00       		.byte	0
 1513 05cc 00       		.byte	0
 1514 05cd 1C       		.byte	28
 1515 05ce 20       		.byte	32
 1516 05cf C1       		.byte	-63
 1517 05d0 10       		.byte	16
 1518 05d1 C0       		.byte	-64
 1519 05d2 0C       		.byte	12
 1520 05d3 00       		.byte	0
 1521 05d4 18       		.byte	24
 1522 05d5 C7       		.byte	-57
 1523 05d6 00       		.byte	0
 1524 05d7 18       		.byte	24
 1525 05d8 08       		.byte	8
 1526 05d9 1C       		.byte	28
 1527 05da 14       		.byte	20
 1528 05db C2       		.byte	-62
 1529 05dc 00       		.byte	0
 1530 05dd 00       		.byte	0
 1531 05de 20       		.byte	32
 1532 05df 04       		.byte	4
 1533 05e0 01       		.byte	1
 1534 05e1 80       		.byte	-128
 1535 05e2 00       		.byte	0
 1536 05e3 00       		.byte	0
 1537 05e4 01       		.byte	1
 1538 05e5 08       		.byte	8
 1539 05e6 00       		.byte	0
ARM GAS  C:\Users\badun\AppData\Local\Temp\ccs8w97r.s 			page 28


 1540 05e7 00       		.byte	0
 1541 05e8 18       		.byte	24
 1542 05e9 44       		.byte	68
 1543 05ea 00       		.byte	0
 1544 05eb 20       		.byte	32
 1545 05ec 00       		.byte	0
 1546 05ed 00       		.byte	0
 1547 05ee 00       		.byte	0
 1548 05ef C3       		.byte	-61
 1549 05f0 18       		.byte	24
 1550 05f1 20       		.byte	32
 1551 05f2 20       		.byte	32
 1552 05f3 00       		.byte	0
 1553 05f4 01       		.byte	1
 1554 05f5 1F       		.byte	31
 1555 05f6 06       		.byte	6
 1556 05f7 C0       		.byte	-64
 1557 05f8 00       		.byte	0
 1558 05f9 00       		.byte	0
 1559 05fa 00       		.byte	0
 1560 05fb 20       		.byte	32
 1561 05fc 00       		.byte	0
 1562 05fd 00       		.byte	0
 1563 05fe 54       		.byte	84
 1564 05ff 00       		.byte	0
 1565 0600 34       		.byte	52
 1566 0601 02       		.byte	2
 1567 0602 05       		.byte	5
 1568 0603 00       		.byte	0
 1569 0604 01       		.byte	1
 1570 0605 C0       		.byte	-64
 1571 0606 00       		.byte	0
 1572 0607 E0       		.byte	-32
 1573 0608 22       		.byte	34
 1574 0609 FF       		.byte	-1
 1575 060a FF       		.byte	-1
 1576 060b FF       		.byte	-1
 1577 060c 62       		.byte	98
 1578 060d A0       		.byte	-96
 1579 060e F0       		.byte	-16
 1580 060f 41       		.byte	65
 1581 0610 0C       		.byte	12
 1582 0611 00       		.byte	0
 1583 0612 00       		.byte	0
 1584 0613 00       		.byte	0
 1585 0614 00       		.byte	0
 1586 0615 00       		.byte	0
 1587 0616 02       		.byte	2
 1588 0617 11       		.byte	17
 1589 0618 04       		.byte	4
 1590 0619 04       		.byte	4
 1591 061a 04       		.byte	4
 1592 061b 04       		.byte	4
 1593 061c 11       		.byte	17
 1594 061d 11       		.byte	17
 1595 061e 00       		.byte	0
 1596 061f 01       		.byte	1
ARM GAS  C:\Users\badun\AppData\Local\Temp\ccs8w97r.s 			page 29


 1597 0620 00       		.byte	0
 1598 0621 00       		.byte	0
 1599 0622 00       		.byte	0
 1600 0623 00       		.byte	0
 1601 0624 00       		.byte	0
 1602 0625 00       		.byte	0
 1603 0626 40       		.byte	64
 1604 0627 02       		.byte	2
 1605 0628 00       		.byte	0
 1606 0629 10       		.byte	16
 1607 062a 30       		.byte	48
 1608 062b 10       		.byte	16
 1609 062c 00       		.byte	0
 1610 062d 10       		.byte	16
 1611 062e 10       		.byte	16
 1612 062f 12       		.byte	18
 1613 0630 00       		.byte	0
 1614 0631 00       		.byte	0
 1615 0632 00       		.byte	0
 1616 0633 00       		.byte	0
 1617 0634 00       		.byte	0
 1618 0635 00       		.byte	0
 1619 0636 00       		.byte	0
 1620 0637 00       		.byte	0
 1621 0638 00       		.byte	0
 1622 0639 00       		.byte	0
 1623 063a 00       		.byte	0
 1624 063b 00       		.byte	0
 1625 063c 00       		.byte	0
 1626 063d 00       		.byte	0
 1627 063e 00       		.byte	0
 1628 063f 00       		.byte	0
 1629 0640 00       		.byte	0
 1630 0641 2F       		.byte	47
 1631 0642 2F       		.byte	47
 1632 0643 00       		.byte	0
 1633 0644 2F       		.byte	47
 1634 0645 00       		.byte	0
 1635 0646 C0       		.byte	-64
 1636 0647 00       		.byte	0
 1637 0648 80       		.byte	-128
 1638 0649 00       		.byte	0
 1639 064a 40       		.byte	64
 1640 064b 80       		.byte	-128
 1641 064c 80       		.byte	-128
 1642 064d 00       		.byte	0
 1643 064e 80       		.byte	-128
 1644 064f 00       		.byte	0
 1645 0650 00       		.byte	0
 1646 0651 00       		.byte	0
 1647 0652 00       		.byte	0
 1648 0653 00       		.byte	0
 1649 0654 00       		.byte	0
 1650 0655 20       		.byte	32
 1651 0656 20       		.byte	32
 1652 0657 00       		.byte	0
 1653 0658 20       		.byte	32
ARM GAS  C:\Users\badun\AppData\Local\Temp\ccs8w97r.s 			page 30


 1654 0659 00       		.byte	0
 1655 065a 00       		.byte	0
 1656 065b 00       		.byte	0
 1657 065c 30       		.byte	48
 1658 065d 00       		.byte	0
 1659 065e 00       		.byte	0
 1660 065f 3B       		.byte	59
 1661 0660 0B       		.byte	11
 1662 0661 00       		.byte	0
 1663 0662 00       		.byte	0
 1664 0663 00       		.byte	0
 1665 0664 C0       		.byte	-64
 1666 0665 00       		.byte	0
 1667 0666 00       		.byte	0
 1668 0667 00       		.byte	0
 1669 0668 00       		.byte	0
 1670 0669 FF       		.byte	-1
 1671 066a FF       		.byte	-1
 1672 066b 00       		.byte	0
 1673 066c FF       		.byte	-1
 1674 066d 00       		.byte	0
 1675 066e 00       		.byte	0
 1676 066f 00       		.byte	0
 1677 0670 9C       		.byte	-100
 1678 0671 00       		.byte	0
 1679 0672 00       		.byte	0
 1680 0673 9D       		.byte	-99
 1681 0674 00       		.byte	0
 1682 0675 00       		.byte	0
 1683 0676 01       		.byte	1
 1684 0677 00       		.byte	0
 1685 0678 00       		.byte	0
 1686 0679 00       		.byte	0
 1687 067a 00       		.byte	0
 1688 067b 00       		.byte	0
 1689              		.section	.cywolatch,"a",%progbits
 1690              		.align	2
 1691              		.type	cy_meta_wonvl, %object
 1692              		.size	cy_meta_wonvl, 4
 1693              	cy_meta_wonvl:
 1694 0000 BC       		.byte	-68
 1695 0001 90       		.byte	-112
 1696 0002 AC       		.byte	-84
 1697 0003 AF       		.byte	-81
 1698              		.section	.cycustnvl,"a",%progbits
 1699              		.align	2
 1700              		.type	cy_meta_custnvl, %object
 1701              		.size	cy_meta_custnvl, 4
 1702              	cy_meta_custnvl:
 1703 0000 00       		.byte	0
 1704 0001 00       		.byte	0
 1705 0002 40       		.byte	64
 1706 0003 05       		.byte	5
 1707              		.section	.cymeta,"a",%progbits
 1708              		.align	2
 1709              		.type	cy_metadata, %object
 1710              		.size	cy_metadata, 12
ARM GAS  C:\Users\badun\AppData\Local\Temp\ccs8w97r.s 			page 31


 1711              	cy_metadata:
 1712 0000 00       		.byte	0
 1713 0001 01       		.byte	1
 1714 0002 2E       		.byte	46
 1715 0003 16       		.byte	22
 1716 0004 10       		.byte	16
 1717 0005 69       		.byte	105
 1718 0006 00       		.byte	0
 1719 0007 01       		.byte	1
 1720 0008 00       		.byte	0
 1721 0009 00       		.byte	0
 1722 000a 00       		.byte	0
 1723 000b 00       		.byte	0
 1724              		.section	.cyflashprotect,"a",%progbits
 1725              		.align	2
 1726              		.type	cy_meta_flashprotect, %object
 1727              		.size	cy_meta_flashprotect, 256
 1728              	cy_meta_flashprotect:
 1729 0000 00000000 		.space	256
 1729      00000000 
 1729      00000000 
 1729      00000000 
 1729      00000000 
 1730              		.text
 1731              	.Letext0:
 1732              		.file 1 "f:\\psoc\\psoc creator\\4.4\\psoc creator\\import\\gnu\\arm\\5.4.1\\arm-none-eabi\\includ
 1733              		.file 2 "f:\\psoc\\psoc creator\\4.4\\psoc creator\\import\\gnu\\arm\\5.4.1\\arm-none-eabi\\includ
 1734              		.file 3 "Generated_Source\\PSoC5\\cymetadata.c"
 1735              		.section	.debug_info,"",%progbits
 1736              	.Ldebug_info0:
 1737 0000 34010000 		.4byte	0x134
 1738 0004 0400     		.2byte	0x4
 1739 0006 00000000 		.4byte	.Ldebug_abbrev0
 1740 000a 04       		.byte	0x4
 1741 000b 01       		.uleb128 0x1
 1742 000c 24000000 		.4byte	.LASF17
 1743 0010 0C       		.byte	0xc
 1744 0011 E3010000 		.4byte	.LASF18
 1745 0015 5F010000 		.4byte	.LASF19
 1746 0019 00000000 		.4byte	.Ldebug_line0
 1747 001d 02       		.uleb128 0x2
 1748 001e 01       		.byte	0x1
 1749 001f 06       		.byte	0x6
 1750 0020 D7010000 		.4byte	.LASF0
 1751 0024 03       		.uleb128 0x3
 1752 0025 00000000 		.4byte	.LASF9
 1753 0029 01       		.byte	0x1
 1754 002a 1D       		.byte	0x1d
 1755 002b 2F000000 		.4byte	0x2f
 1756 002f 02       		.uleb128 0x2
 1757 0030 01       		.byte	0x1
 1758 0031 08       		.byte	0x8
 1759 0032 16000000 		.4byte	.LASF1
 1760 0036 02       		.uleb128 0x2
 1761 0037 02       		.byte	0x2
 1762 0038 05       		.byte	0x5
 1763 0039 C4010000 		.4byte	.LASF2
ARM GAS  C:\Users\badun\AppData\Local\Temp\ccs8w97r.s 			page 32


 1764 003d 02       		.uleb128 0x2
 1765 003e 02       		.byte	0x2
 1766 003f 07       		.byte	0x7
 1767 0040 C4000000 		.4byte	.LASF3
 1768 0044 02       		.uleb128 0x2
 1769 0045 04       		.byte	0x4
 1770 0046 05       		.byte	0x5
 1771 0047 CE010000 		.4byte	.LASF4
 1772 004b 02       		.uleb128 0x2
 1773 004c 04       		.byte	0x4
 1774 004d 07       		.byte	0x7
 1775 004e B2000000 		.4byte	.LASF5
 1776 0052 02       		.uleb128 0x2
 1777 0053 08       		.byte	0x8
 1778 0054 05       		.byte	0x5
 1779 0055 51010000 		.4byte	.LASF6
 1780 0059 02       		.uleb128 0x2
 1781 005a 08       		.byte	0x8
 1782 005b 07       		.byte	0x7
 1783 005c 06010000 		.4byte	.LASF7
 1784 0060 04       		.uleb128 0x4
 1785 0061 04       		.byte	0x4
 1786 0062 05       		.byte	0x5
 1787 0063 696E7400 		.ascii	"int\000"
 1788 0067 02       		.uleb128 0x2
 1789 0068 04       		.byte	0x4
 1790 0069 07       		.byte	0x7
 1791 006a F9000000 		.4byte	.LASF8
 1792 006e 03       		.uleb128 0x3
 1793 006f 1D010000 		.4byte	.LASF10
 1794 0073 02       		.byte	0x2
 1795 0074 18       		.byte	0x18
 1796 0075 24000000 		.4byte	0x24
 1797 0079 05       		.uleb128 0x5
 1798 007a 91000000 		.4byte	0x91
 1799 007e 8A000000 		.4byte	0x8a
 1800 0082 06       		.uleb128 0x6
 1801 0083 8A000000 		.4byte	0x8a
 1802 0087 7B06     		.2byte	0x67b
 1803 0089 00       		.byte	0
 1804 008a 02       		.uleb128 0x2
 1805 008b 04       		.byte	0x4
 1806 008c 07       		.byte	0x7
 1807 008d 48010000 		.4byte	.LASF11
 1808 0091 07       		.uleb128 0x7
 1809 0092 6E000000 		.4byte	0x6e
 1810 0096 08       		.uleb128 0x8
 1811 0097 E7000000 		.4byte	.LASF12
 1812 009b 03       		.byte	0x3
 1813 009c 1F       		.byte	0x1f
 1814 009d A7000000 		.4byte	0xa7
 1815 00a1 05       		.uleb128 0x5
 1816 00a2 03       		.byte	0x3
 1817 00a3 00000000 		.4byte	cy_meta_configecc
 1818 00a7 07       		.uleb128 0x7
 1819 00a8 79000000 		.4byte	0x79
 1820 00ac 05       		.uleb128 0x5
ARM GAS  C:\Users\badun\AppData\Local\Temp\ccs8w97r.s 			page 33


 1821 00ad 91000000 		.4byte	0x91
 1822 00b1 BC000000 		.4byte	0xbc
 1823 00b5 09       		.uleb128 0x9
 1824 00b6 8A000000 		.4byte	0x8a
 1825 00ba 03       		.byte	0x3
 1826 00bb 00       		.byte	0
 1827 00bc 08       		.uleb128 0x8
 1828 00bd D7000000 		.4byte	.LASF13
 1829 00c1 03       		.byte	0x3
 1830 00c2 FC       		.byte	0xfc
 1831 00c3 CD000000 		.4byte	0xcd
 1832 00c7 05       		.uleb128 0x5
 1833 00c8 03       		.byte	0x3
 1834 00c9 00000000 		.4byte	cy_meta_custnvl
 1835 00cd 07       		.uleb128 0x7
 1836 00ce AC000000 		.4byte	0xac
 1837 00d2 0A       		.uleb128 0xa
 1838 00d3 3A010000 		.4byte	.LASF14
 1839 00d7 03       		.byte	0x3
 1840 00d8 0A01     		.2byte	0x10a
 1841 00da E4000000 		.4byte	0xe4
 1842 00de 05       		.uleb128 0x5
 1843 00df 03       		.byte	0x3
 1844 00e0 00000000 		.4byte	cy_meta_wonvl
 1845 00e4 07       		.uleb128 0x7
 1846 00e5 AC000000 		.4byte	0xac
 1847 00e9 05       		.uleb128 0x5
 1848 00ea 91000000 		.4byte	0x91
 1849 00ee F9000000 		.4byte	0xf9
 1850 00f2 09       		.uleb128 0x9
 1851 00f3 8A000000 		.4byte	0x8a
 1852 00f7 FF       		.byte	0xff
 1853 00f8 00       		.byte	0
 1854 00f9 0A       		.uleb128 0xa
 1855 00fa 25010000 		.4byte	.LASF15
 1856 00fe 03       		.byte	0x3
 1857 00ff 1801     		.2byte	0x118
 1858 0101 0B010000 		.4byte	0x10b
 1859 0105 05       		.uleb128 0x5
 1860 0106 03       		.byte	0x3
 1861 0107 00000000 		.4byte	cy_meta_flashprotect
 1862 010b 07       		.uleb128 0x7
 1863 010c E9000000 		.4byte	0xe9
 1864 0110 05       		.uleb128 0x5
 1865 0111 91000000 		.4byte	0x91
 1866 0115 20010000 		.4byte	0x120
 1867 0119 09       		.uleb128 0x9
 1868 011a 8A000000 		.4byte	0x8a
 1869 011e 0B       		.byte	0xb
 1870 011f 00       		.byte	0
 1871 0120 0A       		.uleb128 0xa
 1872 0121 0A000000 		.4byte	.LASF16
 1873 0125 03       		.byte	0x3
 1874 0126 4501     		.2byte	0x145
 1875 0128 32010000 		.4byte	0x132
 1876 012c 05       		.uleb128 0x5
 1877 012d 03       		.byte	0x3
ARM GAS  C:\Users\badun\AppData\Local\Temp\ccs8w97r.s 			page 34


 1878 012e 00000000 		.4byte	cy_metadata
 1879 0132 07       		.uleb128 0x7
 1880 0133 10010000 		.4byte	0x110
 1881 0137 00       		.byte	0
 1882              		.section	.debug_abbrev,"",%progbits
 1883              	.Ldebug_abbrev0:
 1884 0000 01       		.uleb128 0x1
 1885 0001 11       		.uleb128 0x11
 1886 0002 01       		.byte	0x1
 1887 0003 25       		.uleb128 0x25
 1888 0004 0E       		.uleb128 0xe
 1889 0005 13       		.uleb128 0x13
 1890 0006 0B       		.uleb128 0xb
 1891 0007 03       		.uleb128 0x3
 1892 0008 0E       		.uleb128 0xe
 1893 0009 1B       		.uleb128 0x1b
 1894 000a 0E       		.uleb128 0xe
 1895 000b 10       		.uleb128 0x10
 1896 000c 17       		.uleb128 0x17
 1897 000d 00       		.byte	0
 1898 000e 00       		.byte	0
 1899 000f 02       		.uleb128 0x2
 1900 0010 24       		.uleb128 0x24
 1901 0011 00       		.byte	0
 1902 0012 0B       		.uleb128 0xb
 1903 0013 0B       		.uleb128 0xb
 1904 0014 3E       		.uleb128 0x3e
 1905 0015 0B       		.uleb128 0xb
 1906 0016 03       		.uleb128 0x3
 1907 0017 0E       		.uleb128 0xe
 1908 0018 00       		.byte	0
 1909 0019 00       		.byte	0
 1910 001a 03       		.uleb128 0x3
 1911 001b 16       		.uleb128 0x16
 1912 001c 00       		.byte	0
 1913 001d 03       		.uleb128 0x3
 1914 001e 0E       		.uleb128 0xe
 1915 001f 3A       		.uleb128 0x3a
 1916 0020 0B       		.uleb128 0xb
 1917 0021 3B       		.uleb128 0x3b
 1918 0022 0B       		.uleb128 0xb
 1919 0023 49       		.uleb128 0x49
 1920 0024 13       		.uleb128 0x13
 1921 0025 00       		.byte	0
 1922 0026 00       		.byte	0
 1923 0027 04       		.uleb128 0x4
 1924 0028 24       		.uleb128 0x24
 1925 0029 00       		.byte	0
 1926 002a 0B       		.uleb128 0xb
 1927 002b 0B       		.uleb128 0xb
 1928 002c 3E       		.uleb128 0x3e
 1929 002d 0B       		.uleb128 0xb
 1930 002e 03       		.uleb128 0x3
 1931 002f 08       		.uleb128 0x8
 1932 0030 00       		.byte	0
 1933 0031 00       		.byte	0
 1934 0032 05       		.uleb128 0x5
ARM GAS  C:\Users\badun\AppData\Local\Temp\ccs8w97r.s 			page 35


 1935 0033 01       		.uleb128 0x1
 1936 0034 01       		.byte	0x1
 1937 0035 49       		.uleb128 0x49
 1938 0036 13       		.uleb128 0x13
 1939 0037 01       		.uleb128 0x1
 1940 0038 13       		.uleb128 0x13
 1941 0039 00       		.byte	0
 1942 003a 00       		.byte	0
 1943 003b 06       		.uleb128 0x6
 1944 003c 21       		.uleb128 0x21
 1945 003d 00       		.byte	0
 1946 003e 49       		.uleb128 0x49
 1947 003f 13       		.uleb128 0x13
 1948 0040 2F       		.uleb128 0x2f
 1949 0041 05       		.uleb128 0x5
 1950 0042 00       		.byte	0
 1951 0043 00       		.byte	0
 1952 0044 07       		.uleb128 0x7
 1953 0045 26       		.uleb128 0x26
 1954 0046 00       		.byte	0
 1955 0047 49       		.uleb128 0x49
 1956 0048 13       		.uleb128 0x13
 1957 0049 00       		.byte	0
 1958 004a 00       		.byte	0
 1959 004b 08       		.uleb128 0x8
 1960 004c 34       		.uleb128 0x34
 1961 004d 00       		.byte	0
 1962 004e 03       		.uleb128 0x3
 1963 004f 0E       		.uleb128 0xe
 1964 0050 3A       		.uleb128 0x3a
 1965 0051 0B       		.uleb128 0xb
 1966 0052 3B       		.uleb128 0x3b
 1967 0053 0B       		.uleb128 0xb
 1968 0054 49       		.uleb128 0x49
 1969 0055 13       		.uleb128 0x13
 1970 0056 3F       		.uleb128 0x3f
 1971 0057 19       		.uleb128 0x19
 1972 0058 02       		.uleb128 0x2
 1973 0059 18       		.uleb128 0x18
 1974 005a 00       		.byte	0
 1975 005b 00       		.byte	0
 1976 005c 09       		.uleb128 0x9
 1977 005d 21       		.uleb128 0x21
 1978 005e 00       		.byte	0
 1979 005f 49       		.uleb128 0x49
 1980 0060 13       		.uleb128 0x13
 1981 0061 2F       		.uleb128 0x2f
 1982 0062 0B       		.uleb128 0xb
 1983 0063 00       		.byte	0
 1984 0064 00       		.byte	0
 1985 0065 0A       		.uleb128 0xa
 1986 0066 34       		.uleb128 0x34
 1987 0067 00       		.byte	0
 1988 0068 03       		.uleb128 0x3
 1989 0069 0E       		.uleb128 0xe
 1990 006a 3A       		.uleb128 0x3a
 1991 006b 0B       		.uleb128 0xb
ARM GAS  C:\Users\badun\AppData\Local\Temp\ccs8w97r.s 			page 36


 1992 006c 3B       		.uleb128 0x3b
 1993 006d 05       		.uleb128 0x5
 1994 006e 49       		.uleb128 0x49
 1995 006f 13       		.uleb128 0x13
 1996 0070 3F       		.uleb128 0x3f
 1997 0071 19       		.uleb128 0x19
 1998 0072 02       		.uleb128 0x2
 1999 0073 18       		.uleb128 0x18
 2000 0074 00       		.byte	0
 2001 0075 00       		.byte	0
 2002 0076 00       		.byte	0
 2003              		.section	.debug_aranges,"",%progbits
 2004 0000 14000000 		.4byte	0x14
 2005 0004 0200     		.2byte	0x2
 2006 0006 00000000 		.4byte	.Ldebug_info0
 2007 000a 04       		.byte	0x4
 2008 000b 00       		.byte	0
 2009 000c 0000     		.2byte	0
 2010 000e 0000     		.2byte	0
 2011 0010 00000000 		.4byte	0
 2012 0014 00000000 		.4byte	0
 2013              		.section	.debug_line,"",%progbits
 2014              	.Ldebug_line0:
 2015 0000 0F010000 		.section	.debug_str,"MS",%progbits,1
 2015      02000901 
 2015      00000201 
 2015      FB0E0D00 
 2015      01010101 
 2016              	.LASF9:
 2017 0000 5F5F7569 		.ascii	"__uint8_t\000"
 2017      6E74385F 
 2017      7400
 2018              	.LASF16:
 2019 000a 63795F6D 		.ascii	"cy_metadata\000"
 2019      65746164 
 2019      61746100 
 2020              	.LASF1:
 2021 0016 756E7369 		.ascii	"unsigned char\000"
 2021      676E6564 
 2021      20636861 
 2021      7200
 2022              	.LASF17:
 2023 0024 474E5520 		.ascii	"GNU C11 5.4.1 20160609 (release) [ARM/embedded-5-br"
 2023      43313120 
 2023      352E342E 
 2023      31203230 
 2023      31363036 
 2024 0057 616E6368 		.ascii	"anch revision 237715] -mcpu=cortex-m3 -mthumb -g -O"
 2024      20726576 
 2024      6973696F 
 2024      6E203233 
 2024      37373135 
 2025 008a 67202D66 		.ascii	"g -ffunction-sections -ffat-lto-objects\000"
 2025      66756E63 
 2025      74696F6E 
 2025      2D736563 
 2025      74696F6E 
ARM GAS  C:\Users\badun\AppData\Local\Temp\ccs8w97r.s 			page 37


 2026              	.LASF5:
 2027 00b2 6C6F6E67 		.ascii	"long unsigned int\000"
 2027      20756E73 
 2027      69676E65 
 2027      6420696E 
 2027      7400
 2028              	.LASF3:
 2029 00c4 73686F72 		.ascii	"short unsigned int\000"
 2029      7420756E 
 2029      7369676E 
 2029      65642069 
 2029      6E7400
 2030              	.LASF13:
 2031 00d7 63795F6D 		.ascii	"cy_meta_custnvl\000"
 2031      6574615F 
 2031      63757374 
 2031      6E766C00 
 2032              	.LASF12:
 2033 00e7 63795F6D 		.ascii	"cy_meta_configecc\000"
 2033      6574615F 
 2033      636F6E66 
 2033      69676563 
 2033      6300
 2034              	.LASF8:
 2035 00f9 756E7369 		.ascii	"unsigned int\000"
 2035      676E6564 
 2035      20696E74 
 2035      00
 2036              	.LASF7:
 2037 0106 6C6F6E67 		.ascii	"long long unsigned int\000"
 2037      206C6F6E 
 2037      6720756E 
 2037      7369676E 
 2037      65642069 
 2038              	.LASF10:
 2039 011d 75696E74 		.ascii	"uint8_t\000"
 2039      385F7400 
 2040              	.LASF15:
 2041 0125 63795F6D 		.ascii	"cy_meta_flashprotect\000"
 2041      6574615F 
 2041      666C6173 
 2041      6870726F 
 2041      74656374 
 2042              	.LASF14:
 2043 013a 63795F6D 		.ascii	"cy_meta_wonvl\000"
 2043      6574615F 
 2043      776F6E76 
 2043      6C00
 2044              	.LASF11:
 2045 0148 73697A65 		.ascii	"sizetype\000"
 2045      74797065 
 2045      00
 2046              	.LASF6:
 2047 0151 6C6F6E67 		.ascii	"long long int\000"
 2047      206C6F6E 
 2047      6720696E 
 2047      7400
ARM GAS  C:\Users\badun\AppData\Local\Temp\ccs8w97r.s 			page 38


 2048              	.LASF19:
 2049 015f 433A5C55 		.ascii	"C:\\Users\\badun\\OneDrive - Monash University\\TRC"
 2049      73657273 
 2049      5C626164 
 2049      756E5C4F 
 2049      6E654472 
 2050 018e 33353030 		.ascii	"3500\\Distance Meter\\distancemeter\\distancemeter."
 2050      5C446973 
 2050      74616E63 
 2050      65204D65 
 2050      7465725C 
 2051 01be 63796473 		.ascii	"cydsn\000"
 2051      6E00
 2052              	.LASF2:
 2053 01c4 73686F72 		.ascii	"short int\000"
 2053      7420696E 
 2053      7400
 2054              	.LASF4:
 2055 01ce 6C6F6E67 		.ascii	"long int\000"
 2055      20696E74 
 2055      00
 2056              	.LASF0:
 2057 01d7 7369676E 		.ascii	"signed char\000"
 2057      65642063 
 2057      68617200 
 2058              	.LASF18:
 2059 01e3 47656E65 		.ascii	"Generated_Source\\PSoC5\\cymetadata.c\000"
 2059      72617465 
 2059      645F536F 
 2059      75726365 
 2059      5C50536F 
 2060              		.ident	"GCC: (GNU Tools for ARM Embedded Processors) 5.4.1 20160609 (release) [ARM/embedded-5-bran
